<?xml version="1.0" encoding="UTF-8"?>
<testsuite xmlns:xsi="http://www.w3.org/2001/XMLSchema-instance" xsi:noNamespaceSchemaLocation="https://maven.apache.org/surefire/maven-surefire-plugin/xsd/surefire-test-report-3.0.xsd" version="3.0" name="fr.esisar.cs467.TcpServerTest" time="0.415" tests="1" errors="0" skipped="0" failures="0">
  <properties>
    <property name="java.specification.version" value="23"/>
    <property name="sun.jnu.encoding" value="UTF-8"/>
    <property name="java.class.path" value="/Users/sita/Downloads/cs469-tp1/target/test-classes:/Users/sita/Downloads/cs469-tp1/target/classes:/Users/sita/.m2/repository/com/fasterxml/jackson/core/jackson-databind/2.14.0/jackson-databind-2.14.0.jar:/Users/sita/.m2/repository/com/fasterxml/jackson/core/jackson-annotations/2.14.0/jackson-annotations-2.14.0.jar:/Users/sita/.m2/repository/com/fasterxml/jackson/core/jackson-core/2.14.0/jackson-core-2.14.0.jar:/Users/sita/.m2/repository/org/junit/jupiter/junit-jupiter/5.11.4/junit-jupiter-5.11.4.jar:/Users/sita/.m2/repository/org/junit/jupiter/junit-jupiter-api/5.11.4/junit-jupiter-api-5.11.4.jar:/Users/sita/.m2/repository/org/opentest4j/opentest4j/1.3.0/opentest4j-1.3.0.jar:/Users/sita/.m2/repository/org/junit/platform/junit-platform-commons/1.11.4/junit-platform-commons-1.11.4.jar:/Users/sita/.m2/repository/org/apiguardian/apiguardian-api/1.1.2/apiguardian-api-1.1.2.jar:/Users/sita/.m2/repository/org/junit/jupiter/junit-jupiter-params/5.11.4/junit-jupiter-params-5.11.4.jar:/Users/sita/.m2/repository/org/junit/jupiter/junit-jupiter-engine/5.11.4/junit-jupiter-engine-5.11.4.jar:/Users/sita/.m2/repository/org/junit/platform/junit-platform-engine/1.11.4/junit-platform-engine-1.11.4.jar:/Users/sita/.m2/repository/io/vertx/vertx-web-client/4.5.12/vertx-web-client-4.5.12.jar:/Users/sita/.m2/repository/io/vertx/vertx-uri-template/4.5.12/vertx-uri-template-4.5.12.jar:/Users/sita/.m2/repository/io/vertx/vertx-web-common/4.5.12/vertx-web-common-4.5.12.jar:/Users/sita/.m2/repository/io/vertx/vertx-auth-common/4.5.12/vertx-auth-common-4.5.12.jar:/Users/sita/.m2/repository/io/vertx/vertx-junit5/4.5.12/vertx-junit5-4.5.12.jar:/Users/sita/.m2/repository/io/vertx/vertx-core/4.5.11/vertx-core-4.5.11.jar:/Users/sita/.m2/repository/io/netty/netty-common/4.1.115.Final/netty-common-4.1.115.Final.jar:/Users/sita/.m2/repository/io/netty/netty-buffer/4.1.115.Final/netty-buffer-4.1.115.Final.jar:/Users/sita/.m2/repository/io/netty/netty-transport/4.1.115.Final/netty-transport-4.1.115.Final.jar:/Users/sita/.m2/repository/io/netty/netty-handler/4.1.115.Final/netty-handler-4.1.115.Final.jar:/Users/sita/.m2/repository/io/netty/netty-handler-proxy/4.1.115.Final/netty-handler-proxy-4.1.115.Final.jar:/Users/sita/.m2/repository/io/netty/netty-codec-http/4.1.115.Final/netty-codec-http-4.1.115.Final.jar:/Users/sita/.m2/repository/io/netty/netty-codec-http2/4.1.115.Final/netty-codec-http2-4.1.115.Final.jar:/Users/sita/.m2/repository/io/netty/netty-resolver/4.1.115.Final/netty-resolver-4.1.115.Final.jar:/Users/sita/.m2/repository/io/netty/netty-resolver-dns/4.1.115.Final/netty-resolver-dns-4.1.115.Final.jar:/Users/sita/.m2/repository/io/netty/netty-all/4.1.117.Final/netty-all-4.1.117.Final.jar:/Users/sita/.m2/repository/io/netty/netty-codec/4.1.117.Final/netty-codec-4.1.117.Final.jar:/Users/sita/.m2/repository/io/netty/netty-codec-dns/4.1.117.Final/netty-codec-dns-4.1.117.Final.jar:/Users/sita/.m2/repository/io/netty/netty-codec-haproxy/4.1.117.Final/netty-codec-haproxy-4.1.117.Final.jar:/Users/sita/.m2/repository/io/netty/netty-codec-memcache/4.1.117.Final/netty-codec-memcache-4.1.117.Final.jar:/Users/sita/.m2/repository/io/netty/netty-codec-mqtt/4.1.117.Final/netty-codec-mqtt-4.1.117.Final.jar:/Users/sita/.m2/repository/io/netty/netty-codec-redis/4.1.117.Final/netty-codec-redis-4.1.117.Final.jar:/Users/sita/.m2/repository/io/netty/netty-codec-smtp/4.1.117.Final/netty-codec-smtp-4.1.117.Final.jar:/Users/sita/.m2/repository/io/netty/netty-codec-socks/4.1.117.Final/netty-codec-socks-4.1.117.Final.jar:/Users/sita/.m2/repository/io/netty/netty-codec-stomp/4.1.117.Final/netty-codec-stomp-4.1.117.Final.jar:/Users/sita/.m2/repository/io/netty/netty-codec-xml/4.1.117.Final/netty-codec-xml-4.1.117.Final.jar:/Users/sita/.m2/repository/io/netty/netty-transport-native-unix-common/4.1.117.Final/netty-transport-native-unix-common-4.1.117.Final.jar:/Users/sita/.m2/repository/io/netty/netty-handler-ssl-ocsp/4.1.117.Final/netty-handler-ssl-ocsp-4.1.117.Final.jar:/Users/sita/.m2/repository/io/netty/netty-transport-rxtx/4.1.117.Final/netty-transport-rxtx-4.1.117.Final.jar:/Users/sita/.m2/repository/io/netty/netty-transport-sctp/4.1.117.Final/netty-transport-sctp-4.1.117.Final.jar:/Users/sita/.m2/repository/io/netty/netty-transport-udt/4.1.117.Final/netty-transport-udt-4.1.117.Final.jar:/Users/sita/.m2/repository/io/netty/netty-transport-classes-epoll/4.1.117.Final/netty-transport-classes-epoll-4.1.117.Final.jar:/Users/sita/.m2/repository/io/netty/netty-transport-classes-kqueue/4.1.117.Final/netty-transport-classes-kqueue-4.1.117.Final.jar:/Users/sita/.m2/repository/io/netty/netty-resolver-dns-classes-macos/4.1.117.Final/netty-resolver-dns-classes-macos-4.1.117.Final.jar:/Users/sita/.m2/repository/io/netty/netty-transport-native-epoll/4.1.117.Final/netty-transport-native-epoll-4.1.117.Final-linux-x86_64.jar:/Users/sita/.m2/repository/io/netty/netty-transport-native-epoll/4.1.117.Final/netty-transport-native-epoll-4.1.117.Final-linux-aarch_64.jar:/Users/sita/.m2/repository/io/netty/netty-transport-native-epoll/4.1.117.Final/netty-transport-native-epoll-4.1.117.Final-linux-riscv64.jar:/Users/sita/.m2/repository/io/netty/netty-transport-native-kqueue/4.1.117.Final/netty-transport-native-kqueue-4.1.117.Final-osx-x86_64.jar:/Users/sita/.m2/repository/io/netty/netty-transport-native-kqueue/4.1.117.Final/netty-transport-native-kqueue-4.1.117.Final-osx-aarch_64.jar:/Users/sita/.m2/repository/io/netty/netty-resolver-dns-native-macos/4.1.117.Final/netty-resolver-dns-native-macos-4.1.117.Final-osx-x86_64.jar:/Users/sita/.m2/repository/io/netty/netty-resolver-dns-native-macos/4.1.117.Final/netty-resolver-dns-native-macos-4.1.117.Final-osx-aarch_64.jar:"/>
    <property name="java.vm.vendor" value="Homebrew"/>
    <property name="sun.arch.data.model" value="64"/>
    <property name="java.vendor.url" value="https://github.com/Homebrew/homebrew-core/issues"/>
    <property name="user.timezone" value="Europe/Paris"/>
    <property name="os.name" value="Mac OS X"/>
    <property name="java.vm.specification.version" value="23"/>
    <property name="sun.java.launcher" value="SUN_STANDARD"/>
    <property name="user.country" value="FR"/>
    <property name="sun.boot.library.path" value="/opt/homebrew/Cellar/openjdk/23/libexec/openjdk.jdk/Contents/Home/lib"/>
    <property name="sun.java.command" value="/Users/sita/Downloads/cs469-tp1/target/surefire/surefirebooter-20250225213602554_3.jar /Users/sita/Downloads/cs469-tp1/target/surefire 2025-02-25T21-36-02_516-jvmRun1 surefire-20250225213602554_1tmp surefire_0-20250225213602554_2tmp"/>
    <property name="http.nonProxyHosts" value="local|*.local|169.254/16|*.169.254/16"/>
    <property name="jdk.debug" value="release"/>
    <property name="test" value="TcpServerTest#testGetCurrentDateTime"/>
    <property name="surefire.test.class.path" value="/Users/sita/Downloads/cs469-tp1/target/test-classes:/Users/sita/Downloads/cs469-tp1/target/classes:/Users/sita/.m2/repository/com/fasterxml/jackson/core/jackson-databind/2.14.0/jackson-databind-2.14.0.jar:/Users/sita/.m2/repository/com/fasterxml/jackson/core/jackson-annotations/2.14.0/jackson-annotations-2.14.0.jar:/Users/sita/.m2/repository/com/fasterxml/jackson/core/jackson-core/2.14.0/jackson-core-2.14.0.jar:/Users/sita/.m2/repository/org/junit/jupiter/junit-jupiter/5.11.4/junit-jupiter-5.11.4.jar:/Users/sita/.m2/repository/org/junit/jupiter/junit-jupiter-api/5.11.4/junit-jupiter-api-5.11.4.jar:/Users/sita/.m2/repository/org/opentest4j/opentest4j/1.3.0/opentest4j-1.3.0.jar:/Users/sita/.m2/repository/org/junit/platform/junit-platform-commons/1.11.4/junit-platform-commons-1.11.4.jar:/Users/sita/.m2/repository/org/apiguardian/apiguardian-api/1.1.2/apiguardian-api-1.1.2.jar:/Users/sita/.m2/repository/org/junit/jupiter/junit-jupiter-params/5.11.4/junit-jupiter-params-5.11.4.jar:/Users/sita/.m2/repository/org/junit/jupiter/junit-jupiter-engine/5.11.4/junit-jupiter-engine-5.11.4.jar:/Users/sita/.m2/repository/org/junit/platform/junit-platform-engine/1.11.4/junit-platform-engine-1.11.4.jar:/Users/sita/.m2/repository/io/vertx/vertx-web-client/4.5.12/vertx-web-client-4.5.12.jar:/Users/sita/.m2/repository/io/vertx/vertx-uri-template/4.5.12/vertx-uri-template-4.5.12.jar:/Users/sita/.m2/repository/io/vertx/vertx-web-common/4.5.12/vertx-web-common-4.5.12.jar:/Users/sita/.m2/repository/io/vertx/vertx-auth-common/4.5.12/vertx-auth-common-4.5.12.jar:/Users/sita/.m2/repository/io/vertx/vertx-junit5/4.5.12/vertx-junit5-4.5.12.jar:/Users/sita/.m2/repository/io/vertx/vertx-core/4.5.11/vertx-core-4.5.11.jar:/Users/sita/.m2/repository/io/netty/netty-common/4.1.115.Final/netty-common-4.1.115.Final.jar:/Users/sita/.m2/repository/io/netty/netty-buffer/4.1.115.Final/netty-buffer-4.1.115.Final.jar:/Users/sita/.m2/repository/io/netty/netty-transport/4.1.115.Final/netty-transport-4.1.115.Final.jar:/Users/sita/.m2/repository/io/netty/netty-handler/4.1.115.Final/netty-handler-4.1.115.Final.jar:/Users/sita/.m2/repository/io/netty/netty-handler-proxy/4.1.115.Final/netty-handler-proxy-4.1.115.Final.jar:/Users/sita/.m2/repository/io/netty/netty-codec-http/4.1.115.Final/netty-codec-http-4.1.115.Final.jar:/Users/sita/.m2/repository/io/netty/netty-codec-http2/4.1.115.Final/netty-codec-http2-4.1.115.Final.jar:/Users/sita/.m2/repository/io/netty/netty-resolver/4.1.115.Final/netty-resolver-4.1.115.Final.jar:/Users/sita/.m2/repository/io/netty/netty-resolver-dns/4.1.115.Final/netty-resolver-dns-4.1.115.Final.jar:/Users/sita/.m2/repository/io/netty/netty-all/4.1.117.Final/netty-all-4.1.117.Final.jar:/Users/sita/.m2/repository/io/netty/netty-codec/4.1.117.Final/netty-codec-4.1.117.Final.jar:/Users/sita/.m2/repository/io/netty/netty-codec-dns/4.1.117.Final/netty-codec-dns-4.1.117.Final.jar:/Users/sita/.m2/repository/io/netty/netty-codec-haproxy/4.1.117.Final/netty-codec-haproxy-4.1.117.Final.jar:/Users/sita/.m2/repository/io/netty/netty-codec-memcache/4.1.117.Final/netty-codec-memcache-4.1.117.Final.jar:/Users/sita/.m2/repository/io/netty/netty-codec-mqtt/4.1.117.Final/netty-codec-mqtt-4.1.117.Final.jar:/Users/sita/.m2/repository/io/netty/netty-codec-redis/4.1.117.Final/netty-codec-redis-4.1.117.Final.jar:/Users/sita/.m2/repository/io/netty/netty-codec-smtp/4.1.117.Final/netty-codec-smtp-4.1.117.Final.jar:/Users/sita/.m2/repository/io/netty/netty-codec-socks/4.1.117.Final/netty-codec-socks-4.1.117.Final.jar:/Users/sita/.m2/repository/io/netty/netty-codec-stomp/4.1.117.Final/netty-codec-stomp-4.1.117.Final.jar:/Users/sita/.m2/repository/io/netty/netty-codec-xml/4.1.117.Final/netty-codec-xml-4.1.117.Final.jar:/Users/sita/.m2/repository/io/netty/netty-transport-native-unix-common/4.1.117.Final/netty-transport-native-unix-common-4.1.117.Final.jar:/Users/sita/.m2/repository/io/netty/netty-handler-ssl-ocsp/4.1.117.Final/netty-handler-ssl-ocsp-4.1.117.Final.jar:/Users/sita/.m2/repository/io/netty/netty-transport-rxtx/4.1.117.Final/netty-transport-rxtx-4.1.117.Final.jar:/Users/sita/.m2/repository/io/netty/netty-transport-sctp/4.1.117.Final/netty-transport-sctp-4.1.117.Final.jar:/Users/sita/.m2/repository/io/netty/netty-transport-udt/4.1.117.Final/netty-transport-udt-4.1.117.Final.jar:/Users/sita/.m2/repository/io/netty/netty-transport-classes-epoll/4.1.117.Final/netty-transport-classes-epoll-4.1.117.Final.jar:/Users/sita/.m2/repository/io/netty/netty-transport-classes-kqueue/4.1.117.Final/netty-transport-classes-kqueue-4.1.117.Final.jar:/Users/sita/.m2/repository/io/netty/netty-resolver-dns-classes-macos/4.1.117.Final/netty-resolver-dns-classes-macos-4.1.117.Final.jar:/Users/sita/.m2/repository/io/netty/netty-transport-native-epoll/4.1.117.Final/netty-transport-native-epoll-4.1.117.Final-linux-x86_64.jar:/Users/sita/.m2/repository/io/netty/netty-transport-native-epoll/4.1.117.Final/netty-transport-native-epoll-4.1.117.Final-linux-aarch_64.jar:/Users/sita/.m2/repository/io/netty/netty-transport-native-epoll/4.1.117.Final/netty-transport-native-epoll-4.1.117.Final-linux-riscv64.jar:/Users/sita/.m2/repository/io/netty/netty-transport-native-kqueue/4.1.117.Final/netty-transport-native-kqueue-4.1.117.Final-osx-x86_64.jar:/Users/sita/.m2/repository/io/netty/netty-transport-native-kqueue/4.1.117.Final/netty-transport-native-kqueue-4.1.117.Final-osx-aarch_64.jar:/Users/sita/.m2/repository/io/netty/netty-resolver-dns-native-macos/4.1.117.Final/netty-resolver-dns-native-macos-4.1.117.Final-osx-x86_64.jar:/Users/sita/.m2/repository/io/netty/netty-resolver-dns-native-macos/4.1.117.Final/netty-resolver-dns-native-macos-4.1.117.Final-osx-aarch_64.jar:"/>
    <property name="sun.cpu.endian" value="little"/>
    <property name="user.home" value="/Users/sita"/>
    <property name="user.language" value="fr"/>
    <property name="java.specification.vendor" value="Oracle Corporation"/>
    <property name="java.version.date" value="2024-09-17"/>
    <property name="java.home" value="/opt/homebrew/Cellar/openjdk/23/libexec/openjdk.jdk/Contents/Home"/>
    <property name="file.separator" value="/"/>
    <property name="basedir" value="/Users/sita/Downloads/cs469-tp1"/>
    <property name="java.vm.compressedOopsMode" value="Zero based"/>
    <property name="line.separator" value="&#10;"/>
    <property name="java.vm.specification.vendor" value="Oracle Corporation"/>
    <property name="java.specification.name" value="Java Platform API Specification"/>
    <property name="apple.awt.application.name" value="ForkedBooter"/>
    <property name="surefire.real.class.path" value="/Users/sita/Downloads/cs469-tp1/target/surefire/surefirebooter-20250225213602554_3.jar"/>
    <property name="sun.management.compiler" value="HotSpot 64-Bit Tiered Compilers"/>
    <property name="ftp.nonProxyHosts" value="local|*.local|169.254/16|*.169.254/16"/>
    <property name="java.runtime.version" value="23"/>
    <property name="user.name" value="sita"/>
    <property name="stdout.encoding" value="UTF-8"/>
    <property name="path.separator" value=":"/>
    <property name="os.version" value="15.0.1"/>
    <property name="java.runtime.name" value="OpenJDK Runtime Environment"/>
    <property name="file.encoding" value="UTF-8"/>
    <property name="java.vm.name" value="OpenJDK 64-Bit Server VM"/>
    <property name="java.vendor.version" value="Homebrew"/>
    <property name="localRepository" value="/Users/sita/.m2/repository"/>
    <property name="java.vendor.url.bug" value="https://github.com/Homebrew/homebrew-core/issues"/>
    <property name="java.io.tmpdir" value="/var/folders/2c/gqymchr54194gz3y690z3_dr0000gn/T/"/>
    <property name="java.version" value="23"/>
    <property name="user.dir" value="/Users/sita/Downloads/cs469-tp1"/>
    <property name="os.arch" value="aarch64"/>
    <property name="java.vm.specification.name" value="Java Virtual Machine Specification"/>
    <property name="native.encoding" value="UTF-8"/>
    <property name="java.library.path" value="/Users/sita/Library/Java/Extensions:/Library/Java/Extensions:/Network/Library/Java/Extensions:/System/Library/Java/Extensions:/usr/lib/java:."/>
    <property name="java.vm.info" value="mixed mode, sharing"/>
    <property name="stderr.encoding" value="UTF-8"/>
    <property name="java.vendor" value="Homebrew"/>
    <property name="java.vm.version" value="23"/>
    <property name="sun.io.unicode.encoding" value="UnicodeBig"/>
    <property name="socksNonProxyHosts" value="local|*.local|169.254/16|*.169.254/16"/>
    <property name="java.class.version" value="67.0"/>
  </properties>
  <testcase name="testGetCurrentDateTime(Vertx, VertxTestContext)" classname="fr.esisar.cs467.TcpServerTest" time="0.407"/>
</testsuite>